
2023/08/20 (12:26:02) | ===> btop++ v.1.2.13
2023/08/20 (12:26:02) | WARNING: No good candidate for cpu sensor found, using random from all found sensors.
2023/08/20 (12:26:02) | ERROR: Invalid size of hex value: ff0ff
2023/08/20 (12:26:02) | ERROR: Invalid hex value: FF1493

# Mem/Disk used meter
theme[used_start]=

2023/08/20 (12:29:48) | ===> btop++ v.1.2.13
2023/08/20 (12:29:48) | WARNING: No good candidate for cpu sensor found, using random from all found sensors.
2023/08/20 (12:29:48) | ERROR: Invalid size of hex value: ff0ff
2023/08/20 (12:29:48) | ERROR: Invalid hex value: FF1493

# Mem/Disk used meter
theme[used_start]=

2023/08/20 (12:31:37) | ===> btop++ v.1.2.13
2023/08/20 (12:31:37) | WARNING: No good candidate for cpu sensor found, using random from all found sensors.
2023/08/20 (12:31:37) | ERROR: Invalid size of hex value: ff0ff
2023/08/20 (12:31:37) | ERROR: Invalid hex value: FF1493

# Mem/Disk used meter
theme[used_start]=

2023/08/21 (08:23:30) | ===> btop++ v.1.2.13
2023/08/21 (08:23:30) | WARNING: No good candidate for cpu sensor found, using random from all found sensors.
2023/08/21 (08:23:30) | ERROR: Invalid size of hex value: ff0ff
2023/08/21 (08:23:30) | ERROR: Invalid hex value: FF1493

# Mem/Disk used meter
theme[used_start]=

2023/08/26 (10:49:33) | ===> btop++ v.1.2.13
2023/08/26 (10:49:33) | WARNING: No good candidate for cpu sensor found, using random from all found sensors.
2023/08/26 (10:49:33) | ERROR: Invalid size of hex value: ff0ff
2023/08/26 (10:49:33) | ERROR: Invalid hex value: FF1493

# Mem/Disk used meter
theme[used_start]=

2023/08/27 (10:58:12) | ===> btop++ v.1.2.13
2023/08/27 (10:58:12) | WARNING: No good candidate for cpu sensor found, using random from all found sensors.
2023/08/27 (10:58:12) | ERROR: Invalid size of hex value: ff0ff
2023/08/27 (10:58:12) | ERROR: Invalid hex value: FF1493

# Mem/Disk used meter
theme[used_start]=

2023/08/27 (11:00:56) | ===> btop++ v.1.2.13
2023/08/27 (11:00:56) | WARNING: No good candidate for cpu sensor found, using random from all found sensors.
2023/08/27 (11:00:56) | ERROR: Invalid size of hex value: ff0ff
2023/08/27 (11:00:56) | ERROR: Invalid hex value: FF1493

# Mem/Disk used meter
theme[used_start]=

2023/08/27 (11:02:26) | ===> btop++ v.1.2.13
2023/08/27 (11:02:26) | WARNING: No good candidate for cpu sensor found, using random from all found sensors.
2023/08/27 (11:02:26) | ERROR: Invalid size of hex value: ff0ff
2023/08/27 (11:02:26) | ERROR: Invalid hex value: FF1493

# Mem/Disk used meter
theme[used_start]=

2023/08/27 (11:43:49) | ===> btop++ v.1.2.13
2023/08/27 (11:43:49) | WARNING: No good candidate for cpu sensor found, using random from all found sensors.
2023/08/27 (11:43:49) | ERROR: Invalid size of hex value: ff0ff
2023/08/27 (11:43:49) | ERROR: Invalid hex value: FF1493

# Mem/Disk used meter
theme[used_start]=

2023/08/29 (11:20:30) | ===> btop++ v.1.2.13
2023/08/29 (11:20:30) | WARNING: No good candidate for cpu sensor found, using random from all found sensors.
2023/08/29 (11:20:30) | ERROR: Invalid size of hex value: ff0ff
2023/08/29 (11:20:30) | ERROR: Invalid hex value: FF1493

# Mem/Disk used meter
theme[used_start]=

2023/08/29 (11:38:17) | ===> btop++ v.1.2.13
2023/08/29 (11:38:17) | WARNING: No good candidate for cpu sensor found, using random from all found sensors.
2023/08/29 (11:38:17) | ERROR: Invalid size of hex value: ff0ff
2023/08/29 (11:38:17) | ERROR: Invalid hex value: FF1493

# Mem/Disk used meter
theme[used_start]=

2023/08/30 (10:35:46) | ===> btop++ v.1.2.13
2023/08/30 (10:35:46) | WARNING: No good candidate for cpu sensor found, using random from all found sensors.
2023/08/30 (10:35:46) | ERROR: Invalid size of hex value: ff0ff
2023/08/30 (10:35:46) | ERROR: Invalid hex value: FF1493

# Mem/Disk used meter
theme[used_start]=

2023/08/31 (08:48:00) | ===> btop++ v.1.2.13
2023/08/31 (08:48:00) | WARNING: No good candidate for cpu sensor found, using random from all found sensors.
2023/08/31 (08:48:00) | ERROR: Invalid size of hex value: ff0ff
2023/08/31 (08:48:00) | ERROR: Invalid hex value: FF1493

# Mem/Disk used meter
theme[used_start]=

2023/08/31 (14:35:18) | ===> btop++ v.1.2.13
2023/08/31 (14:35:18) | WARNING: No good candidate for cpu sensor found, using random from all found sensors.
2023/08/31 (14:35:18) | ERROR: Invalid size of hex value: ff0ff
2023/08/31 (14:35:18) | ERROR: Invalid hex value: FF1493

# Mem/Disk used meter
theme[used_start]=

2023/09/02 (14:31:26) | ===> btop++ v.1.2.13
2023/09/02 (14:31:26) | WARNING: No good candidate for cpu sensor found, using random from all found sensors.
2023/09/02 (14:31:26) | ERROR: Invalid size of hex value: ff0ff
2023/09/02 (14:31:26) | ERROR: Invalid hex value: FF1493

# Mem/Disk used meter
theme[used_start]=

2023/09/02 (14:31:42) | ===> btop++ v.1.2.13
2023/09/02 (14:31:42) | WARNING: No good candidate for cpu sensor found, using random from all found sensors.
2023/09/02 (14:31:42) | ERROR: Invalid size of hex value: ff0ff
2023/09/02 (14:31:42) | ERROR: Invalid hex value: FF1493

# Mem/Disk used meter
theme[used_start]=

2023/09/03 (07:11:06) | ===> btop++ v.1.2.13
2023/09/03 (07:11:06) | WARNING: No good candidate for cpu sensor found, using random from all found sensors.
2023/09/03 (07:11:06) | ERROR: Invalid size of hex value: ff0ff
2023/09/03 (07:11:06) | ERROR: Invalid hex value: FF1493

# Mem/Disk used meter
theme[used_start]=

2023/09/03 (10:07:19) | ===> btop++ v.1.2.13
2023/09/03 (10:07:19) | WARNING: No good candidate for cpu sensor found, using random from all found sensors.
2023/09/03 (10:07:19) | ERROR: Invalid size of hex value: ff0ff
2023/09/03 (10:07:19) | ERROR: Invalid hex value: FF1493

# Mem/Disk used meter
theme[used_start]=

2023/09/03 (15:57:53) | ===> btop++ v.1.2.13
2023/09/03 (15:57:53) | WARNING: No good candidate for cpu sensor found, using random from all found sensors.
2023/09/03 (15:57:53) | ERROR: Invalid size of hex value: ff0ff
2023/09/03 (15:57:53) | ERROR: Invalid hex value: FF1493

# Mem/Disk used meter
theme[used_start]=

2023/09/03 (16:12:52) | ===> btop++ v.1.2.13
2023/09/03 (16:12:52) | WARNING: No good candidate for cpu sensor found, using random from all found sensors.
2023/09/03 (16:12:52) | ERROR: Invalid size of hex value: ff0ff
2023/09/03 (16:12:52) | ERROR: Invalid hex value: FF1493

# Mem/Disk used meter
theme[used_start]=

2023/09/03 (16:25:33) | ===> btop++ v.1.2.13
2023/09/03 (16:25:33) | WARNING: No good candidate for cpu sensor found, using random from all found sensors.
2023/09/03 (16:25:33) | ERROR: Invalid size of hex value: ff0ff
2023/09/03 (16:25:33) | ERROR: Invalid hex value: FF1493

# Mem/Disk used meter
theme[used_start]=

2023/09/04 (10:09:06) | ===> btop++ v.1.2.13
2023/09/04 (10:09:06) | WARNING: No good candidate for cpu sensor found, using random from all found sensors.
2023/09/04 (10:09:06) | ERROR: Invalid size of hex value: ff0ff
2023/09/04 (10:09:06) | ERROR: Invalid hex value: FF1493

# Mem/Disk used meter
theme[used_start]=

2023/09/04 (10:30:21) | ===> btop++ v.1.2.13
2023/09/04 (10:30:21) | WARNING: No good candidate for cpu sensor found, using random from all found sensors.
2023/09/04 (10:30:21) | ERROR: Invalid size of hex value: ff0ff
2023/09/04 (10:30:21) | ERROR: Invalid hex value: FF1493

# Mem/Disk used meter
theme[used_start]=

2023/09/04 (10:31:07) | ===> btop++ v.1.2.13
2023/09/04 (10:31:07) | WARNING: No good candidate for cpu sensor found, using random from all found sensors.
2023/09/04 (10:31:07) | ERROR: Invalid size of hex value: ff0ff
2023/09/04 (10:31:07) | ERROR: Invalid hex value: FF1493

# Mem/Disk used meter
theme[used_start]=

2023/09/04 (11:05:53) | ===> btop++ v.1.2.13
2023/09/04 (11:05:53) | WARNING: No good candidate for cpu sensor found, using random from all found sensors.
2023/09/04 (11:05:53) | ERROR: Invalid size of hex value: ff0ff
2023/09/04 (11:05:53) | ERROR: Invalid hex value: FF1493

# Mem/Disk used meter
theme[used_start]=

2023/09/05 (11:42:09) | ===> btop++ v.1.2.13
2023/09/05 (11:42:09) | WARNING: No good candidate for cpu sensor found, using random from all found sensors.
2023/09/05 (11:42:09) | ERROR: Invalid size of hex value: ff0ff
2023/09/05 (11:42:09) | ERROR: Invalid hex value: FF1493

# Mem/Disk used meter
theme[used_start]=

2023/09/05 (11:45:46) | ===> btop++ v.1.2.13
2023/09/05 (11:45:46) | WARNING: No good candidate for cpu sensor found, using random from all found sensors.
2023/09/05 (11:45:46) | ERROR: Invalid size of hex value: ff0ff
2023/09/05 (11:45:46) | ERROR: Invalid hex value: FF1493

# Mem/Disk used meter
theme[used_start]=

2023/09/06 (10:17:43) | ===> btop++ v.1.2.13
2023/09/06 (10:17:43) | WARNING: No good candidate for cpu sensor found, using random from all found sensors.
2023/09/06 (10:17:43) | ERROR: Invalid size of hex value: ff0ff
2023/09/06 (10:17:43) | ERROR: Invalid hex value: FF1493

# Mem/Disk used meter
theme[used_start]=

2023/09/06 (10:30:53) | ===> btop++ v.1.2.13
2023/09/06 (10:30:53) | WARNING: No good candidate for cpu sensor found, using random from all found sensors.
2023/09/06 (10:30:53) | ERROR: Invalid size of hex value: ff0ff
2023/09/06 (10:30:53) | ERROR: Invalid hex value: FF1493

# Mem/Disk used meter
theme[used_start]=

2023/09/06 (11:18:43) | ===> btop++ v.1.2.13
2023/09/06 (11:18:43) | WARNING: No good candidate for cpu sensor found, using random from all found sensors.
2023/09/06 (11:18:43) | ERROR: Invalid size of hex value: ff0ff
2023/09/06 (11:18:43) | ERROR: Invalid hex value: FF1493

# Mem/Disk used meter
theme[used_start]=

2023/09/07 (10:09:46) | ===> btop++ v.1.2.13
2023/09/07 (10:09:46) | WARNING: No good candidate for cpu sensor found, using random from all found sensors.
2023/09/07 (10:09:46) | ERROR: Invalid size of hex value: ff0ff
2023/09/07 (10:09:46) | ERROR: Invalid hex value: FF1493

# Mem/Disk used meter
theme[used_start]=

2023/09/07 (10:28:36) | ===> btop++ v.1.2.13
2023/09/07 (10:28:36) | WARNING: No good candidate for cpu sensor found, using random from all found sensors.
2023/09/07 (10:28:37) | ERROR: Invalid size of hex value: ff0ff
2023/09/07 (10:28:37) | ERROR: Invalid hex value: FF1493

# Mem/Disk used meter
theme[used_start]=

2023/09/09 (12:31:23) | ===> btop++ v.1.2.13
2023/09/09 (12:31:23) | WARNING: No good candidate for cpu sensor found, using random from all found sensors.
2023/09/09 (12:31:24) | ERROR: Invalid size of hex value: ff0ff
2023/09/09 (12:31:24) | ERROR: Invalid hex value: FF1493

# Mem/Disk used meter
theme[used_start]=

2023/09/10 (10:59:34) | ===> btop++ v.1.2.13
2023/09/10 (10:59:34) | WARNING: No good candidate for cpu sensor found, using random from all found sensors.
2023/09/10 (10:59:34) | ERROR: Invalid size of hex value: ff0ff
2023/09/10 (10:59:34) | ERROR: Invalid hex value: FF1493

# Mem/Disk used meter
theme[used_start]=

2023/09/11 (16:26:12) | ===> btop++ v.1.2.13
2023/09/11 (16:26:12) | WARNING: No good candidate for cpu sensor found, using random from all found sensors.
2023/09/11 (16:26:12) | ERROR: Invalid size of hex value: ff0ff
2023/09/11 (16:26:12) | ERROR: Invalid hex value: FF1493

# Mem/Disk used meter
theme[used_start]=

2023/09/11 (16:47:56) | ===> btop++ v.1.2.13
2023/09/11 (16:47:56) | WARNING: No good candidate for cpu sensor found, using random from all found sensors.

2023/09/11 (16:50:10) | ===> btop++ v.1.2.13
2023/09/11 (16:50:10) | WARNING: No good candidate for cpu sensor found, using random from all found sensors.

2023/09/12 (09:15:13) | ===> btop++ v.1.2.13
2023/09/12 (09:15:13) | WARNING: No good candidate for cpu sensor found, using random from all found sensors.
2023/09/12 (09:15:23) | ERROR: Invalid size of hex value: ff0ff
2023/09/12 (09:15:23) | ERROR: Invalid hex value: FF1493

# Mem/Disk used meter
theme[used_start]=
2023/09/12 (09:15:24) | ERROR: Invalid size of hex value: ff0ff
2023/09/12 (09:15:24) | ERROR: Invalid hex value: FF1493

# Mem/Disk used meter
theme[used_start]=

2023/09/12 (09:15:55) | ===> btop++ v.1.2.13
2023/09/12 (09:15:55) | WARNING: No good candidate for cpu sensor found, using random from all found sensors.
2023/09/12 (09:15:55) | ERROR: Invalid size of hex value: 00000000
2023/09/12 (09:15:55) | ERROR: Invalid size of hex value: ff0ff
2023/09/12 (09:15:55) | ERROR: Invalid hex value: FF1493

# Mem/Disk used meter
theme[used_start]=

2023/09/12 (09:16:11) | ===> btop++ v.1.2.13
2023/09/12 (09:16:11) | WARNING: No good candidate for cpu sensor found, using random from all found sensors.
2023/09/12 (09:16:11) | ERROR: Invalid size of hex value: ff0ff
2023/09/12 (09:16:11) | ERROR: Invalid hex value: FF1493

# Mem/Disk used meter
theme[used_start]=

2023/09/12 (09:16:31) | ===> btop++ v.1.2.13
2023/09/12 (09:16:31) | WARNING: No good candidate for cpu sensor found, using random from all found sensors.
2023/09/12 (09:16:31) | ERROR: Invalid size of hex value: ff0ff
2023/09/12 (09:16:31) | ERROR: Invalid hex value: FF1493

# Mem/Disk used meter
theme[used_start]=

2023/09/12 (09:16:52) | ===> btop++ v.1.2.13
2023/09/12 (09:16:52) | WARNING: No good candidate for cpu sensor found, using random from all found sensors.
2023/09/12 (09:16:52) | ERROR: Invalid hex value: FF1493

# Mem/Disk used meter
theme[used_start]=

2023/09/12 (09:17:29) | ===> btop++ v.1.2.13
2023/09/12 (09:17:29) | WARNING: No good candidate for cpu sensor found, using random from all found sensors.
2023/09/12 (09:17:29) | ERROR: Invalid hex value: FF1493

# Mem/Disk used meter
theme[used_start]=

2023/09/12 (09:18:20) | ===> btop++ v.1.2.13
2023/09/12 (09:18:20) | WARNING: No good candidate for cpu sensor found, using random from all found sensors.
2023/09/12 (09:18:20) | ERROR: Invalid hex value: FF1493

# Mem/Disk used meter
theme[used_start]=

2023/09/12 (09:18:57) | ===> btop++ v.1.2.13
2023/09/12 (09:18:57) | WARNING: No good candidate for cpu sensor found, using random from all found sensors.
2023/09/12 (09:18:57) | ERROR: Invalid hex value: FF1493

# Mem/Disk used meter
theme[used_start]=

2023/09/12 (09:19:24) | ===> btop++ v.1.2.13
2023/09/12 (09:19:24) | WARNING: No good candidate for cpu sensor found, using random from all found sensors.
2023/09/12 (09:19:24) | ERROR: Invalid hex value: FF1493

# Mem/Disk used meter
theme[used_start]=

2023/09/12 (09:19:54) | ===> btop++ v.1.2.13
2023/09/12 (09:19:54) | WARNING: No good candidate for cpu sensor found, using random from all found sensors.
2023/09/12 (09:19:54) | ERROR: Invalid hex value: FF1493

# Mem/Disk used meter
theme[used_start]=

2023/09/12 (09:20:56) | ===> btop++ v.1.2.13
2023/09/12 (09:20:56) | WARNING: No good candidate for cpu sensor found, using random from all found sensors.
2023/09/12 (09:20:56) | ERROR: Invalid hex value: FF1493

# Mem/Disk used meter
theme[used_start]=

2023/09/12 (09:21:53) | ===> btop++ v.1.2.13
2023/09/12 (09:21:53) | WARNING: No good candidate for cpu sensor found, using random from all found sensors.
2023/09/12 (09:21:53) | ERROR: Invalid hex value: FF1493

# Mem/Disk used meter
theme[used_start]=

2023/09/12 (09:22:27) | ===> btop++ v.1.2.13
2023/09/12 (09:22:27) | WARNING: No good candidate for cpu sensor found, using random from all found sensors.
2023/09/12 (09:22:27) | ERROR: Invalid hex value: FF1493

# Mem/Disk used meter
theme[used_start]=

2023/09/12 (09:22:37) | ===> btop++ v.1.2.13
2023/09/12 (09:22:37) | WARNING: No good candidate for cpu sensor found, using random from all found sensors.
2023/09/12 (09:22:37) | ERROR: Invalid hex value: FF1493

# Mem/Disk used meter
theme[used_start]=

2023/09/12 (09:23:02) | ===> btop++ v.1.2.13
2023/09/12 (09:23:02) | WARNING: No good candidate for cpu sensor found, using random from all found sensors.
2023/09/12 (09:23:02) | ERROR: Invalid hex value: FF1493

# Mem/Disk used meter
theme[used_start]=

2023/09/12 (09:24:07) | ===> btop++ v.1.2.13
2023/09/12 (09:24:07) | WARNING: No good candidate for cpu sensor found, using random from all found sensors.

2023/09/12 (09:25:13) | ===> btop++ v.1.2.13
2023/09/12 (09:25:13) | WARNING: No good candidate for cpu sensor found, using random from all found sensors.
2023/09/12 (09:25:13) | ERROR: Invalid RGB decimal value: "040e24"
2023/09/12 (09:26:03) | ERROR: Invalid RGB decimal value: "040e24"
2023/09/12 (09:26:04) | ERROR: Invalid RGB decimal value: "040e24"
2023/09/12 (09:26:07) | ERROR: Invalid RGB decimal value: "040e24"
2023/09/12 (09:26:09) | ERROR: Invalid RGB decimal value: "040e24"
2023/09/12 (09:26:19) | ERROR: Invalid RGB decimal value: "040e24"

2023/09/12 (09:27:25) | ===> btop++ v.1.2.13
2023/09/12 (09:27:25) | WARNING: No good candidate for cpu sensor found, using random from all found sensors.
2023/09/12 (09:27:25) | ERROR: Invalid RGB decimal value: "040e24"

2023/09/12 (09:28:18) | ===> btop++ v.1.2.13
2023/09/12 (09:28:18) | WARNING: No good candidate for cpu sensor found, using random from all found sensors.
2023/09/12 (09:28:18) | ERROR: Invalid RGB decimal value: "040e24"

2023/09/12 (09:29:26) | ===> btop++ v.1.2.13
2023/09/12 (09:29:26) | WARNING: No good candidate for cpu sensor found, using random from all found sensors.
2023/09/12 (09:29:26) | ERROR: Invalid RGB decimal value: "040e24"

2023/09/12 (09:30:52) | ===> btop++ v.1.2.13
2023/09/12 (09:30:52) | WARNING: No good candidate for cpu sensor found, using random from all found sensors.
2023/09/12 (09:30:52) | ERROR: Invalid RGB decimal value: "040e24"

2023/09/13 (08:56:11) | ===> btop++ v.1.2.13
2023/09/13 (08:56:11) | WARNING: No good candidate for cpu sensor found, using random from all found sensors.
2023/09/13 (08:56:11) | ERROR: Invalid RGB decimal value: "040e24"

2023/09/13 (10:08:09) | ===> btop++ v.1.2.13
2023/09/13 (10:08:09) | WARNING: No good candidate for cpu sensor found, using random from all found sensors.
2023/09/13 (10:08:09) | ERROR: Invalid RGB decimal value: "040e24"
2023/09/13 (10:08:22) | ERROR: Invalid size of hex value: ff0ff
2023/09/13 (10:08:22) | ERROR: Invalid hex value: FF1493

# Mem/Disk used meter
theme[used_start]=
2023/09/13 (10:08:24) | ERROR: Invalid RGB decimal value: "040e24"
2023/09/13 (10:08:24) | ERROR: Invalid size of hex value: ff0ff
2023/09/13 (10:08:24) | ERROR: Invalid hex value: FF1493

# Mem/Disk used meter
theme[used_start]=
2023/09/13 (10:08:24) | ERROR: Invalid RGB decimal value: "040e24"
2023/09/13 (10:08:25) | ERROR: Invalid size of hex value: ff0ff
2023/09/13 (10:08:25) | ERROR: Invalid hex value: FF1493

# Mem/Disk used meter
theme[used_start]=
2023/09/13 (10:08:25) | ERROR: Invalid RGB decimal value: "040e24"
2023/09/13 (10:08:26) | ERROR: Invalid size of hex value: ff0ff
2023/09/13 (10:08:26) | ERROR: Invalid hex value: FF1493

# Mem/Disk used meter
theme[used_start]=
2023/09/13 (10:08:26) | ERROR: Invalid RGB decimal value: "040e24"
2023/09/13 (10:08:26) | ERROR: Invalid size of hex value: ff0ff
2023/09/13 (10:08:26) | ERROR: Invalid hex value: FF1493

# Mem/Disk used meter
theme[used_start]=
2023/09/13 (10:08:27) | ERROR: Invalid RGB decimal value: "040e24"
2023/09/13 (10:08:27) | ERROR: Invalid size of hex value: ff0ff
2023/09/13 (10:08:27) | ERROR: Invalid hex value: FF1493

# Mem/Disk used meter
theme[used_start]=
2023/09/13 (10:08:28) | ERROR: Invalid RGB decimal value: "040e24"
2023/09/13 (10:08:30) | ERROR: Invalid RGB decimal value: "040e24"
2023/09/13 (10:08:30) | ERROR: Invalid size of hex value: ff0ff
2023/09/13 (10:08:30) | ERROR: Invalid hex value: FF1493

# Mem/Disk used meter
theme[used_start]=
2023/09/13 (10:09:05) | ERROR: Invalid RGB decimal value: "040e24"
2023/09/13 (10:09:13) | ERROR: Invalid RGB decimal value: "040e24"

2023/09/14 (11:17:21) | ===> btop++ v.1.2.13
2023/09/14 (11:17:21) | WARNING: No good candidate for cpu sensor found, using random from all found sensors.
2023/09/14 (11:17:21) | ERROR: Invalid RGB decimal value: "040e24"

2023/09/15 (16:16:30) | ===> btop++ v.1.2.13
2023/09/15 (16:16:30) | WARNING: No good candidate for cpu sensor found, using random from all found sensors.
2023/09/15 (16:16:30) | ERROR: Invalid RGB decimal value: "040e24"

2023/09/15 (16:24:47) | ===> btop++ v.1.2.13
2023/09/15 (16:24:47) | WARNING: No good candidate for cpu sensor found, using random from all found sensors.
2023/09/15 (16:24:47) | ERROR: Invalid RGB decimal value: "040e24"

2023/09/16 (08:14:24) | ===> btop++ v.1.2.13
2023/09/16 (08:14:24) | WARNING: No good candidate for cpu sensor found, using random from all found sensors.
2023/09/16 (08:14:24) | ERROR: Invalid RGB decimal value: "040e24"

2023/09/16 (08:21:03) | ===> btop++ v.1.2.13
2023/09/16 (08:21:03) | WARNING: No good candidate for cpu sensor found, using random from all found sensors.
2023/09/16 (08:21:03) | ERROR: Invalid RGB decimal value: "040e24"

2023/09/16 (08:41:22) | ===> btop++ v.1.2.13
2023/09/16 (08:41:22) | WARNING: No good candidate for cpu sensor found, using random from all found sensors.
2023/09/16 (08:41:22) | ERROR: Invalid RGB decimal value: "040e24"

2023/09/16 (09:45:51) | ===> btop++ v.1.2.13
2023/09/16 (09:45:51) | WARNING: No good candidate for cpu sensor found, using random from all found sensors.
2023/09/16 (09:45:51) | ERROR: Invalid RGB decimal value: "040e24"

2023/09/16 (19:44:23) | ===> btop++ v.1.2.13
2023/09/16 (19:44:23) | WARNING: No good candidate for cpu sensor found, using random from all found sensors.
2023/09/16 (19:44:23) | ERROR: Invalid RGB decimal value: "040e24"

2023/09/16 (20:35:42) | ===> btop++ v.1.2.13
2023/09/16 (20:35:42) | WARNING: No good candidate for cpu sensor found, using random from all found sensors.
2023/09/16 (20:35:49) | ERROR: Invalid size of hex value: ff0ff
2023/09/16 (20:35:49) | ERROR: Invalid hex value: FF1493

# Mem/Disk used meter
theme[used_start]=
2023/09/16 (20:35:50) | ERROR: Invalid RGB decimal value: "040e24"
2023/09/16 (20:35:50) | ERROR: Invalid RGB decimal value: "040e24"
2023/09/16 (20:35:51) | ERROR: Invalid size of hex value: ff0ff
2023/09/16 (20:35:51) | ERROR: Invalid hex value: FF1493

# Mem/Disk used meter
theme[used_start]=
2023/09/16 (20:35:51) | ERROR: Invalid size of hex value: ff0ff
2023/09/16 (20:35:51) | ERROR: Invalid hex value: FF1493

# Mem/Disk used meter
theme[used_start]=
2023/09/16 (20:35:52) | ERROR: Invalid RGB decimal value: "040e24"
2023/09/16 (20:35:54) | ERROR: Invalid RGB decimal value: "040e24"
2023/09/16 (20:35:55) | ERROR: Invalid size of hex value: ff0ff
2023/09/16 (20:35:55) | ERROR: Invalid hex value: FF1493

# Mem/Disk used meter
theme[used_start]=
2023/09/16 (20:35:56) | ERROR: Invalid size of hex value: ff0ff
2023/09/16 (20:35:56) | ERROR: Invalid hex value: FF1493

# Mem/Disk used meter
theme[used_start]=
2023/09/16 (20:35:56) | ERROR: Invalid RGB decimal value: "040e24"
2023/09/16 (20:35:57) | ERROR: Invalid size of hex value: ff0ff
2023/09/16 (20:35:57) | ERROR: Invalid hex value: FF1493

# Mem/Disk used meter
theme[used_start]=
2023/09/16 (20:35:58) | ERROR: Invalid size of hex value: ff0ff
2023/09/16 (20:35:58) | ERROR: Invalid hex value: FF1493

# Mem/Disk used meter
theme[used_start]=
2023/09/16 (20:35:58) | ERROR: Invalid RGB decimal value: "040e24"
2023/09/16 (20:35:58) | ERROR: Invalid RGB decimal value: "040e24"
2023/09/16 (20:35:59) | ERROR: Invalid size of hex value: ff0ff
2023/09/16 (20:35:59) | ERROR: Invalid hex value: FF1493

# Mem/Disk used meter
theme[used_start]=
2023/09/16 (20:36:29) | ERROR: Invalid RGB decimal value: "040e24"
2023/09/16 (20:36:30) | ERROR: Invalid size of hex value: ff0ff
2023/09/16 (20:36:30) | ERROR: Invalid hex value: FF1493

# Mem/Disk used meter
theme[used_start]=

2023/09/17 (15:24:52) | ===> btop++ v.1.2.13
2023/09/17 (15:24:52) | WARNING: No good candidate for cpu sensor found, using random from all found sensors.

2023/09/17 (15:26:01) | ===> btop++ v.1.2.13
2023/09/17 (15:26:01) | WARNING: No good candidate for cpu sensor found, using random from all found sensors.

2023/09/18 (15:23:03) | ===> btop++ v.1.2.13
2023/09/18 (15:23:03) | WARNING: No good candidate for cpu sensor found, using random from all found sensors.

2023/09/18 (15:49:53) | ===> btop++ v.1.2.13
2023/09/18 (15:49:53) | WARNING: No good candidate for cpu sensor found, using random from all found sensors.

2023/09/18 (19:36:47) | ===> btop++ v.1.2.13
2023/09/18 (19:36:47) | WARNING: No good candidate for cpu sensor found, using random from all found sensors.

2023/09/18 (19:48:23) | ===> btop++ v.1.2.13
2023/09/18 (19:48:23) | WARNING: No good candidate for cpu sensor found, using random from all found sensors.

2023/09/19 (08:41:20) | ===> btop++ v.1.2.13
2023/09/19 (08:41:20) | WARNING: No good candidate for cpu sensor found, using random from all found sensors.

2023/09/19 (09:09:30) | ===> btop++ v.1.2.13
2023/09/19 (09:09:30) | WARNING: No good candidate for cpu sensor found, using random from all found sensors.

2023/09/19 (09:13:38) | ===> btop++ v.1.2.13
2023/09/19 (09:13:38) | WARNING: No good candidate for cpu sensor found, using random from all found sensors.

2023/09/20 (17:40:55) | ===> btop++ v.1.2.13
2023/09/20 (17:40:55) | WARNING: No good candidate for cpu sensor found, using random from all found sensors.
2023/09/20 (17:40:55) | ERROR: Invalid size of hex value: ff0ff
2023/09/20 (17:40:55) | ERROR: Invalid hex value: FF1493

# Mem/Disk used meter
theme[used_start]=
2023/09/20 (17:40:57) | ERROR: Invalid RGB decimal value: "040e24"
2023/09/20 (17:40:58) | ERROR: Invalid RGB decimal value: "040e24"

2023/09/20 (17:41:28) | ===> btop++ v.1.2.13
2023/09/20 (17:41:28) | WARNING: No good candidate for cpu sensor found, using random from all found sensors.

2023/09/21 (08:46:51) | ===> btop++ v.1.2.13
2023/09/21 (08:46:51) | WARNING: No good candidate for cpu sensor found, using random from all found sensors.

2023/09/21 (09:28:59) | ===> btop++ v.1.2.13
2023/09/21 (09:28:59) | WARNING: No good candidate for cpu sensor found, using random from all found sensors.

2023/09/22 (20:07:30) | ===> btop++ v.1.2.13
2023/09/22 (20:07:30) | WARNING: No good candidate for cpu sensor found, using random from all found sensors.

2023/09/24 (10:37:02) | ===> btop++ v.1.2.13
2023/09/24 (10:37:02) | WARNING: No good candidate for cpu sensor found, using random from all found sensors.

2023/09/24 (10:57:11) | ===> btop++ v.1.2.13
2023/09/24 (10:57:11) | WARNING: No good candidate for cpu sensor found, using random from all found sensors.

2023/09/24 (10:57:32) | ===> btop++ v.1.2.13
2023/09/24 (10:57:32) | WARNING: No good candidate for cpu sensor found, using random from all found sensors.

2023/09/24 (20:32:37) | ===> btop++ v.1.2.13
2023/09/24 (20:32:37) | WARNING: No good candidate for cpu sensor found, using random from all found sensors.

2023/09/24 (20:37:57) | ===> btop++ v.1.2.13
2023/09/24 (20:37:57) | WARNING: No good candidate for cpu sensor found, using random from all found sensors.

2023/09/26 (18:19:15) | ===> btop++ v.1.2.13
2023/09/26 (18:19:15) | WARNING: No good candidate for cpu sensor found, using random from all found sensors.

2023/09/28 (10:18:41) | ===> btop++ v.1.2.13
2023/09/28 (10:18:41) | WARNING: No good candidate for cpu sensor found, using random from all found sensors.

2023/09/28 (10:56:14) | ===> btop++ v.1.2.13
2023/09/28 (10:56:14) | WARNING: No good candidate for cpu sensor found, using random from all found sensors.

2023/09/29 (18:40:02) | ===> btop++ v.1.2.13
2023/09/29 (18:40:02) | WARNING: No good candidate for cpu sensor found, using random from all found sensors.

2023/09/29 (18:41:23) | ===> btop++ v.1.2.13
2023/09/29 (18:41:23) | WARNING: No good candidate for cpu sensor found, using random from all found sensors.

2023/10/04 (20:04:37) | ===> btop++ v.1.2.13
2023/10/04 (20:04:37) | WARNING: No good candidate for cpu sensor found, using random from all found sensors.

2023/10/05 (20:02:21) | ===> btop++ v.1.2.13
2023/10/05 (20:02:21) | WARNING: No good candidate for cpu sensor found, using random from all found sensors.

2023/10/05 (20:02:42) | ===> btop++ v.1.2.13
2023/10/05 (20:02:42) | WARNING: No good candidate for cpu sensor found, using random from all found sensors.

2023/10/05 (20:02:59) | ===> btop++ v.1.2.13
2023/10/05 (20:02:59) | WARNING: No good candidate for cpu sensor found, using random from all found sensors.

2023/10/05 (20:07:55) | ===> btop++ v.1.2.13
2023/10/05 (20:07:55) | WARNING: No good candidate for cpu sensor found, using random from all found sensors.

2023/10/05 (20:20:58) | ===> btop++ v.1.2.13
2023/10/05 (20:20:58) | WARNING: No good candidate for cpu sensor found, using random from all found sensors.

2023/10/05 (20:27:54) | ===> btop++ v.1.2.13
2023/10/05 (20:27:54) | WARNING: No good candidate for cpu sensor found, using random from all found sensors.

2023/10/05 (20:29:35) | ===> btop++ v.1.2.13
2023/10/05 (20:29:35) | WARNING: No good candidate for cpu sensor found, using random from all found sensors.

2023/10/05 (20:59:36) | ===> btop++ v.1.2.13
2023/10/05 (20:59:36) | WARNING: No good candidate for cpu sensor found, using random from all found sensors.

2023/10/07 (11:23:06) | ===> btop++ v.1.2.13
2023/10/07 (11:23:06) | WARNING: No good candidate for cpu sensor found, using random from all found sensors.

2023/10/07 (11:24:19) | ===> btop++ v.1.2.13
2023/10/07 (11:24:19) | WARNING: No good candidate for cpu sensor found, using random from all found sensors.

2023/10/07 (11:27:41) | ===> btop++ v.1.2.13
2023/10/07 (11:27:41) | WARNING: No good candidate for cpu sensor found, using random from all found sensors.

2023/10/09 (21:31:03) | ===> btop++ v.1.2.13
2023/10/09 (21:31:03) | WARNING: No good candidate for cpu sensor found, using random from all found sensors.

2023/10/14 (17:27:09) | ===> btop++ v.1.2.13
2023/10/14 (17:27:09) | WARNING: No good candidate for cpu sensor found, using random from all found sensors.

2023/10/17 (00:54:10) | ===> btop++ v.1.2.13
2023/10/17 (00:54:10) | WARNING: No good candidate for cpu sensor found, using random from all found sensors.

2023/10/22 (15:09:35) | ===> btop++ v.1.2.13
2023/10/22 (15:09:35) | WARNING: No good candidate for cpu sensor found, using random from all found sensors.

2023/10/22 (15:25:47) | ===> btop++ v.1.2.13
2023/10/22 (15:25:47) | WARNING: No good candidate for cpu sensor found, using random from all found sensors.

2023/10/23 (11:42:33) | ===> btop++ v.1.2.13
2023/10/23 (11:42:33) | WARNING: No good candidate for cpu sensor found, using random from all found sensors.

2023/10/28 (13:50:02) | ===> btop++ v.1.2.13
2023/10/28 (13:50:02) | WARNING: No good candidate for cpu sensor found, using random from all found sensors.

2023/11/11 (13:06:22) | ===> btop++ v.1.2.13
2023/11/11 (13:06:22) | WARNING: No good candidate for cpu sensor found, using random from all found sensors.

2023/11/11 (13:42:54) | ===> btop++ v.1.2.13
2023/11/11 (13:42:54) | WARNING: No good candidate for cpu sensor found, using random from all found sensors.

2023/11/12 (11:47:27) | ===> btop++ v.1.2.13
2023/11/12 (11:47:27) | WARNING: No good candidate for cpu sensor found, using random from all found sensors.

2023/11/12 (12:55:51) | ===> btop++ v.1.2.13
2023/11/12 (12:55:51) | WARNING: No good candidate for cpu sensor found, using random from all found sensors.

2023/11/12 (13:14:52) | ===> btop++ v.1.2.13
2023/11/12 (13:14:52) | WARNING: No good candidate for cpu sensor found, using random from all found sensors.

2023/11/13 (04:50:36) | ===> btop++ v.1.2.13
2023/11/13 (04:50:36) | WARNING: No good candidate for cpu sensor found, using random from all found sensors.

2023/11/13 (07:03:42) | ===> btop++ v.1.2.13
2023/11/13 (07:03:42) | WARNING: No good candidate for cpu sensor found, using random from all found sensors.

2023/11/13 (07:13:29) | ===> btop++ v.1.2.13
2023/11/13 (07:13:29) | WARNING: No good candidate for cpu sensor found, using random from all found sensors.

2023/11/14 (12:23:51) | ===> btop++ v.1.2.13
2023/11/14 (12:23:51) | WARNING: No good candidate for cpu sensor found, using random from all found sensors.

2023/11/15 (10:58:38) | ===> btop++ v.1.2.13
2023/11/15 (10:58:38) | WARNING: No good candidate for cpu sensor found, using random from all found sensors.

2023/11/15 (11:07:46) | ===> btop++ v.1.2.13
2023/11/15 (11:07:46) | WARNING: No good candidate for cpu sensor found, using random from all found sensors.

2023/11/15 (11:23:09) | ===> btop++ v.1.2.13
2023/11/15 (11:23:09) | WARNING: No good candidate for cpu sensor found, using random from all found sensors.

2023/11/19 (09:35:44) | ===> btop++ v.1.2.13
2023/11/19 (09:35:44) | WARNING: No good candidate for cpu sensor found, using random from all found sensors.

2023/11/21 (16:17:09) | ===> btop++ v.1.2.13
2023/11/21 (16:17:09) | WARNING: No good candidate for cpu sensor found, using random from all found sensors.

2023/11/21 (16:21:57) | ===> btop++ v.1.2.13
2023/11/21 (16:21:57) | WARNING: No good candidate for cpu sensor found, using random from all found sensors.

2023/11/26 (11:20:48) | ===> btop++ v.1.2.13
2023/11/26 (11:20:48) | WARNING: No good candidate for cpu sensor found, using random from all found sensors.

2023/11/27 (02:21:03) | ===> btop++ v.1.2.13
2023/11/27 (02:21:03) | WARNING: No good candidate for cpu sensor found, using random from all found sensors.

2023/11/27 (02:26:16) | ===> btop++ v.1.2.13
2023/11/27 (02:26:16) | WARNING: No good candidate for cpu sensor found, using random from all found sensors.

2023/11/27 (10:40:48) | ===> btop++ v.1.2.13
2023/11/27 (10:40:48) | WARNING: No good candidate for cpu sensor found, using random from all found sensors.

2023/11/27 (17:55:58) | ===> btop++ v.1.2.13
2023/11/27 (17:55:58) | WARNING: No good candidate for cpu sensor found, using random from all found sensors.

2023/11/27 (17:56:02) | ===> btop++ v.1.2.13
2023/11/27 (17:56:02) | WARNING: No good candidate for cpu sensor found, using random from all found sensors.

2023/11/27 (17:56:46) | ===> btop++ v.1.2.13
2023/11/27 (17:56:46) | DEBUG: Starting in DEBUG mode!
2023/11/27 (17:56:46) | INFO: Logger set to DEBUG
2023/11/27 (17:56:46) | DEBUG: Using locale en_US.UTF-8
2023/11/27 (17:56:46) | INFO: Running on /dev/pts/1
2023/11/27 (17:56:46) | WARNING: No good candidate for cpu sensor found, using random from all found sensors.
2023/11/27 (17:56:46) | DEBUG: Loading theme file: /home/Rellot/.config/btop/themes/catpuccin-mocha.theme

2023/11/28 (11:25:27) | ===> btop++ v.1.2.13
2023/11/28 (11:25:27) | WARNING: No good candidate for cpu sensor found, using random from all found sensors.

2023/11/29 (10:28:00) | ===> btop++ v.1.2.13
2023/11/29 (10:28:00) | WARNING: No good candidate for cpu sensor found, using random from all found sensors.

2023/11/29 (11:22:52) | ===> btop++ v.1.2.13
2023/11/29 (11:22:52) | WARNING: No good candidate for cpu sensor found, using random from all found sensors.

2023/11/29 (20:23:09) | ===> btop++ v.1.2.13
2023/11/29 (20:23:09) | WARNING: No good candidate for cpu sensor found, using random from all found sensors.

2023/12/10 (11:39:57) | ===> btop++ v.1.2.13
2023/12/10 (11:39:57) | WARNING: No good candidate for cpu sensor found, using random from all found sensors.

2023/12/10 (12:02:46) | ===> btop++ v.1.2.13
2023/12/10 (12:02:46) | WARNING: No good candidate for cpu sensor found, using random from all found sensors.

2024/01/11 (18:41:39) | ===> btop++ v.1.2.13
2024/01/11 (18:41:39) | WARNING: No good candidate for cpu sensor found, using random from all found sensors.

2024/02/03 (19:45:54) | ===> btop++ v.1.2.13
2024/02/03 (19:45:54) | WARNING: No good candidate for cpu sensor found, using random from all found sensors.
